<?xml version="1.0" encoding="UTF-8"?>
<testng-results ignored="0" total="1" passed="1" failed="0" skipped="0">
  <reporter-output>
  </reporter-output>
  <suite started-at="2024-11-11T14:01:29 EET" name="Practice Suite" finished-at="2024-11-11T14:01:39 EET" duration-ms="9468">
    <groups>
    </groups>
    <test started-at="2024-11-11T14:01:29 EET" name="Test Basics 1" finished-at="2024-11-11T14:01:39 EET" duration-ms="9468">
      <class name="testng.FormaTest1">
        <test-method is-config="true" signature="beforeClass()[pri:0, instance:testng.FormaTest1@459e9125]" started-at="2024-11-11T14:01:29 EET" name="beforeClass" finished-at="2024-11-11T14:01:31 EET" duration-ms="1780" status="PASS">
          <reporter-output>
          </reporter-output>
        </test-method> <!-- beforeClass -->
        <test-method signature="FormaTest()[pri:0, instance:testng.FormaTest1@459e9125]" started-at="2024-11-11T14:01:31 EET" name="FormaTest" finished-at="2024-11-11T14:01:38 EET" duration-ms="6936" status="PASS">
          <reporter-output>
          </reporter-output>
        </test-method> <!-- FormaTest -->
        <test-method is-config="true" signature="close()[pri:0, instance:testng.FormaTest1@459e9125]" started-at="2024-11-11T14:01:38 EET" name="close" finished-at="2024-11-11T14:01:39 EET" duration-ms="716" status="PASS">
          <reporter-output>
          </reporter-output>
        </test-method> <!-- close -->
      </class> <!-- testng.FormaTest1 -->
    </test> <!-- Test Basics 1 -->
  </suite> <!-- Practice Suite -->
</testng-results>
